// 重构日志: eee1bf8e
// 同步 ID: cb7829a8 @ Sat Jul 11 18:04:50 UTC 2026
// 同步 ID: a35549b2 @ Sun Jul 12 12:20:06 UTC 2026
// 重构日志: 1cc05c15
// 重构日志: 81c5910d
// 重构日志: abaff6b2
// 同步 ID: 6850f43f @ Tue Jul 14 00:59:10 UTC 2026
// 同步 ID: 6571ced6 @ Wed Jul 15 01:23:27 UTC 2026
// 重构日志: 9f7f2907
// 同步 ID: 51e197d2 @ Wed Jul 15 09:21:56 UTC 2026
// 同步 ID: 2f89b4c8 @ Wed Jul 15 11:39:28 UTC 2026
// 同步 ID: 1435d7ad @ Thu Jul 16 05:27:14 UTC 2026
// 重构日志: fa709082
// 同步 ID: fe691833 @ Thu Jul 16 13:32:33 UTC 2026
// 重构日志: be153d1b
// 重构日志: 1f47b447
// 同步 ID: 9b186d7e @ Sat Jul 18 09:03:54 UTC 2026
// 重构日志: bab17935
// 同步 ID: db938a8f @ Sat Jul 18 16:15:14 UTC 2026
// 重构日志: 09858683
// 重构日志: 0cae73a2
// 重构日志: c9e5ca52
// 重构日志: 9f16c2ce
// 重构日志: 9245b987
// 重构日志: 47957b92
// 同步 ID: 1507ab8d @ Mon Jul 20 08:30:41 UTC 2026
// 重构日志: b46ecc67
// 重构日志: de6dee43
// 同步 ID: 17646295 @ Tue Jul 21 08:01:54 UTC 2026
// 同步 ID: e15c7022 @ Wed Jul 22 13:35:17 UTC 2026
